{"/home/hazem/Documents/Front-Task/src/context/LoginContex.js": {"path":"/home/hazem/Documents/Front-Task/src/context/LoginContex.js","statementMap":{"0":{"start":{"line":3,"column":24},"end":{"line":3,"column":40}},"1":{"start":{"line":4,"column":0},"end":{"line":4,"column":31}},"2":{"start":{"line":6,"column":29},"end":{"line":28,"column":1}},"3":{"start":{"line":8,"column":35},"end":{"line":8,"column":50}},"4":{"start":{"line":10,"column":4},"end":{"line":16,"column":9}},"5":{"start":{"line":12,"column":8},"end":{"line":14,"column":9}},"6":{"start":{"line":13,"column":10},"end":{"line":13,"column":27}},"7":{"start":{"line":18,"column":45},"end":{"line":18,"column":103}},"8":{"start":{"line":20,"column":18},"end":{"line":20,"column":76}},"9":{"start":{"line":23,"column":4},"end":{"line":27,"column":6}}},"fnMap":{"0":{"name":"(anonymous_0)","decl":{"start":{"line":6,"column":29},"end":{"line":6,"column":30}},"loc":{"start":{"line":6,"column":40},"end":{"line":28,"column":1}},"line":6},"1":{"name":"(anonymous_1)","decl":{"start":{"line":11,"column":6},"end":{"line":11,"column":7}},"loc":{"start":{"line":11,"column":12},"end":{"line":15,"column":7}},"line":11}},"branchMap":{"0":{"loc":{"start":{"line":12,"column":8},"end":{"line":14,"column":9}},"type":"if","locations":[{"start":{"line":12,"column":8},"end":{"line":14,"column":9}},{"start":{},"end":{}}],"line":12}},"s":{"0":3,"1":3,"2":3,"3":3,"4":3,"5":2,"6":0,"7":3,"8":3,"9":3},"f":{"0":3,"1":2},"b":{"0":[0,2]},"_coverageSchema":"1a1c01bbd47fc00a2c39e90264f33305004495a9","hash":"8af297c6a48678781785b8a53394fca8b7310dd1"}
,"/home/hazem/Documents/Front-Task/src/helper/Validation.js": {"path":"/home/hazem/Documents/Front-Task/src/helper/Validation.js","statementMap":{"0":{"start":{"line":1,"column":19},"end":{"line":8,"column":1}},"1":{"start":{"line":2,"column":4},"end":{"line":7,"column":5}},"2":{"start":{"line":3,"column":8},"end":{"line":3,"column":19}},"3":{"start":{"line":6,"column":8},"end":{"line":6,"column":21}},"4":{"start":{"line":10,"column":0},"end":{"line":12,"column":1}}},"fnMap":{"0":{"name":"(anonymous_0)","decl":{"start":{"line":1,"column":19},"end":{"line":1,"column":20}},"loc":{"start":{"line":1,"column":30},"end":{"line":8,"column":1}},"line":1}},"branchMap":{"0":{"loc":{"start":{"line":2,"column":4},"end":{"line":7,"column":5}},"type":"if","locations":[{"start":{"line":2,"column":4},"end":{"line":7,"column":5}},{"start":{"line":5,"column":9},"end":{"line":7,"column":5}}],"line":2}},"s":{"0":1,"1":1,"2":1,"3":0,"4":1},"f":{"0":1},"b":{"0":[1,0]},"_coverageSchema":"1a1c01bbd47fc00a2c39e90264f33305004495a9","hash":"b44ec680567e53c7257c565a005fa1a7b35c18f3"}
,"/home/hazem/Documents/Front-Task/src/views/Navbar/Navbar.js": {"path":"/home/hazem/Documents/Front-Task/src/views/Navbar/Navbar.js","statementMap":{"0":{"start":{"line":12,"column":18},"end":{"line":78,"column":3}},"1":{"start":{"line":12,"column":41},"end":{"line":78,"column":1}},"2":{"start":{"line":80,"column":22},"end":{"line":140,"column":1}},"3":{"start":{"line":82,"column":36},"end":{"line":82,"column":56}},"4":{"start":{"line":84,"column":18},"end":{"line":84,"column":29}},"5":{"start":{"line":86,"column":24},"end":{"line":89,"column":3}},"6":{"start":{"line":87,"column":4},"end":{"line":87,"column":23}},"7":{"start":{"line":88,"column":4},"end":{"line":88,"column":44}},"8":{"start":{"line":91,"column":19},"end":{"line":98,"column":3}},"9":{"start":{"line":92,"column":18},"end":{"line":92,"column":50}},"10":{"start":{"line":93,"column":4},"end":{"line":93,"column":46}},"11":{"start":{"line":94,"column":21},"end":{"line":94,"column":66}},"12":{"start":{"line":95,"column":4},"end":{"line":97,"column":7}},"13":{"start":{"line":96,"column":6},"end":{"line":96,"column":51}},"14":{"start":{"line":100,"column":2},"end":{"line":139,"column":4}}},"fnMap":{"0":{"name":"(anonymous_0)","decl":{"start":{"line":12,"column":29},"end":{"line":12,"column":30}},"loc":{"start":{"line":12,"column":41},"end":{"line":78,"column":1}},"line":12},"1":{"name":"(anonymous_1)","decl":{"start":{"line":80,"column":22},"end":{"line":80,"column":23}},"loc":{"start":{"line":80,"column":33},"end":{"line":140,"column":1}},"line":80},"2":{"name":"(anonymous_2)","decl":{"start":{"line":86,"column":24},"end":{"line":86,"column":25}},"loc":{"start":{"line":86,"column":30},"end":{"line":89,"column":3}},"line":86},"3":{"name":"(anonymous_3)","decl":{"start":{"line":91,"column":19},"end":{"line":91,"column":20}},"loc":{"start":{"line":91,"column":25},"end":{"line":98,"column":3}},"line":91},"4":{"name":"(anonymous_4)","decl":{"start":{"line":95,"column":21},"end":{"line":95,"column":22}},"loc":{"start":{"line":95,"column":32},"end":{"line":97,"column":5}},"line":95}},"branchMap":{"0":{"loc":{"start":{"line":112,"column":11},"end":{"line":125,"column":11}},"type":"cond-expr","locations":[{"start":{"line":113,"column":12},"end":{"line":115,"column":19}},{"start":{"line":117,"column":12},"end":{"line":124,"column":15}}],"line":112}},"s":{"0":1,"1":1,"2":1,"3":1,"4":1,"5":1,"6":0,"7":0,"8":1,"9":1,"10":1,"11":1,"12":1,"13":3,"14":1},"f":{"0":1,"1":1,"2":0,"3":1,"4":3},"b":{"0":[0,1]},"_coverageSchema":"1a1c01bbd47fc00a2c39e90264f33305004495a9","hash":"1a2df99c4c697c69591cf220015cd67bc4c65905"}
,"/home/hazem/Documents/Front-Task/src/views/Posts/PostCard.js": {"path":"/home/hazem/Documents/Front-Task/src/views/Posts/PostCard.js","statementMap":{"0":{"start":{"line":13,"column":18},"end":{"line":52,"column":3}},"1":{"start":{"line":13,"column":41},"end":{"line":52,"column":1}},"2":{"start":{"line":55,"column":18},"end":{"line":55,"column":29}},"3":{"start":{"line":57,"column":17},"end":{"line":57,"column":28}},"4":{"start":{"line":59,"column":2},"end":{"line":100,"column":4}}},"fnMap":{"0":{"name":"(anonymous_0)","decl":{"start":{"line":13,"column":29},"end":{"line":13,"column":30}},"loc":{"start":{"line":13,"column":41},"end":{"line":52,"column":1}},"line":13},"1":{"name":"PostCard","decl":{"start":{"line":54,"column":24},"end":{"line":54,"column":32}},"loc":{"start":{"line":54,"column":40},"end":{"line":101,"column":1}},"line":54}},"branchMap":{"0":{"loc":{"start":{"line":79,"column":9},"end":{"line":96,"column":9}},"type":"cond-expr","locations":[{"start":{"line":80,"column":10},"end":{"line":87,"column":13}},{"start":{"line":89,"column":10},"end":{"line":95,"column":13}}],"line":79}},"s":{"0":1,"1":1,"2":1,"3":1,"4":1},"f":{"0":1,"1":1},"b":{"0":[0,1]},"_coverageSchema":"1a1c01bbd47fc00a2c39e90264f33305004495a9","hash":"797fde679793ae638de79ce2a0b142882995f768"}
,"/home/hazem/Documents/Front-Task/src/views/Signup/Signup.js": {"path":"/home/hazem/Documents/Front-Task/src/views/Signup/Signup.js","statementMap":{"0":{"start":{"line":12,"column":18},"end":{"line":72,"column":3}},"1":{"start":{"line":12,"column":41},"end":{"line":72,"column":1}},"2":{"start":{"line":74,"column":22},"end":{"line":251,"column":1}},"3":{"start":{"line":76,"column":43},"end":{"line":76,"column":63}},"4":{"start":{"line":77,"column":18},"end":{"line":77,"column":29}},"5":{"start":{"line":78,"column":19},"end":{"line":78,"column":32}},"6":{"start":{"line":80,"column":66},"end":{"line":86,"column":4}},"7":{"start":{"line":88,"column":30},"end":{"line":88,"column":42}},"8":{"start":{"line":90,"column":2},"end":{"line":92,"column":3}},"9":{"start":{"line":91,"column":4},"end":{"line":91,"column":37}},"10":{"start":{"line":94,"column":32},"end":{"line":101,"column":3}},"11":{"start":{"line":95,"column":4},"end":{"line":100,"column":7}},"12":{"start":{"line":96,"column":6},"end":{"line":99,"column":8}},"13":{"start":{"line":103,"column":29},"end":{"line":136,"column":3}},"14":{"start":{"line":104,"column":21},"end":{"line":104,"column":63}},"15":{"start":{"line":105,"column":20},"end":{"line":105,"column":33}},"16":{"start":{"line":106,"column":20},"end":{"line":106,"column":76}},"17":{"start":{"line":108,"column":4},"end":{"line":134,"column":5}},"18":{"start":{"line":115,"column":19},"end":{"line":115,"column":24}},"19":{"start":{"line":116,"column":6},"end":{"line":119,"column":7}},"20":{"start":{"line":117,"column":8},"end":{"line":117,"column":46}},"21":{"start":{"line":118,"column":8},"end":{"line":118,"column":22}},"22":{"start":{"line":120,"column":6},"end":{"line":123,"column":7}},"23":{"start":{"line":121,"column":8},"end":{"line":121,"column":48}},"24":{"start":{"line":122,"column":8},"end":{"line":122,"column":22}},"25":{"start":{"line":125,"column":6},"end":{"line":128,"column":7}},"26":{"start":{"line":126,"column":8},"end":{"line":126,"column":56}},"27":{"start":{"line":127,"column":8},"end":{"line":127,"column":22}},"28":{"start":{"line":130,"column":6},"end":{"line":132,"column":9}},"29":{"start":{"line":131,"column":8},"end":{"line":131,"column":32}},"30":{"start":{"line":133,"column":6},"end":{"line":133,"column":31}},"31":{"start":{"line":133,"column":18},"end":{"line":133,"column":31}},"32":{"start":{"line":135,"column":4},"end":{"line":135,"column":16}},"33":{"start":{"line":138,"column":32},"end":{"line":162,"column":3}},"34":{"start":{"line":139,"column":4},"end":{"line":139,"column":27}},"35":{"start":{"line":140,"column":17},"end":{"line":140,"column":58}},"36":{"start":{"line":141,"column":15},"end":{"line":146,"column":5}},"37":{"start":{"line":147,"column":19},"end":{"line":147,"column":43}},"38":{"start":{"line":148,"column":4},"end":{"line":161,"column":5}},"39":{"start":{"line":149,"column":6},"end":{"line":155,"column":7}},"40":{"start":{"line":150,"column":20},"end":{"line":150,"column":61}},"41":{"start":{"line":151,"column":8},"end":{"line":151,"column":25}},"42":{"start":{"line":152,"column":8},"end":{"line":152,"column":61}},"43":{"start":{"line":154,"column":8},"end":{"line":154,"column":62}},"44":{"start":{"line":156,"column":6},"end":{"line":156,"column":24}},"45":{"start":{"line":157,"column":6},"end":{"line":157,"column":64}},"46":{"start":{"line":158,"column":6},"end":{"line":158,"column":65}},"47":{"start":{"line":159,"column":6},"end":{"line":159,"column":28}},"48":{"start":{"line":160,"column":6},"end":{"line":160,"column":20}},"49":{"start":{"line":166,"column":2},"end":{"line":250,"column":4}}},"fnMap":{"0":{"name":"(anonymous_0)","decl":{"start":{"line":12,"column":29},"end":{"line":12,"column":30}},"loc":{"start":{"line":12,"column":41},"end":{"line":72,"column":1}},"line":12},"1":{"name":"(anonymous_1)","decl":{"start":{"line":74,"column":22},"end":{"line":74,"column":23}},"loc":{"start":{"line":74,"column":33},"end":{"line":251,"column":1}},"line":74},"2":{"name":"(anonymous_2)","decl":{"start":{"line":94,"column":32},"end":{"line":94,"column":33}},"loc":{"start":{"line":94,"column":43},"end":{"line":101,"column":3}},"line":94},"3":{"name":"(anonymous_3)","decl":{"start":{"line":95,"column":20},"end":{"line":95,"column":21}},"loc":{"start":{"line":95,"column":34},"end":{"line":100,"column":5}},"line":95},"4":{"name":"(anonymous_4)","decl":{"start":{"line":103,"column":29},"end":{"line":103,"column":30}},"loc":{"start":{"line":103,"column":60},"end":{"line":136,"column":3}},"line":103},"5":{"name":"(anonymous_5)","decl":{"start":{"line":130,"column":16},"end":{"line":130,"column":17}},"loc":{"start":{"line":130,"column":22},"end":{"line":132,"column":7}},"line":130},"6":{"name":"(anonymous_6)","decl":{"start":{"line":138,"column":32},"end":{"line":138,"column":33}},"loc":{"start":{"line":138,"column":43},"end":{"line":162,"column":3}},"line":138}},"branchMap":{"0":{"loc":{"start":{"line":90,"column":2},"end":{"line":92,"column":3}},"type":"if","locations":[{"start":{"line":90,"column":2},"end":{"line":92,"column":3}},{"start":{},"end":{}}],"line":90},"1":{"loc":{"start":{"line":108,"column":4},"end":{"line":134,"column":5}},"type":"if","locations":[{"start":{"line":108,"column":4},"end":{"line":134,"column":5}},{"start":{"line":114,"column":11},"end":{"line":134,"column":5}}],"line":108},"2":{"loc":{"start":{"line":109,"column":6},"end":{"line":112,"column":27}},"type":"binary-expr","locations":[{"start":{"line":109,"column":6},"end":{"line":109,"column":22}},{"start":{"line":110,"column":6},"end":{"line":110,"column":23}},{"start":{"line":111,"column":6},"end":{"line":111,"column":26}},{"start":{"line":112,"column":6},"end":{"line":112,"column":27}}],"line":109},"3":{"loc":{"start":{"line":116,"column":6},"end":{"line":119,"column":7}},"type":"if","locations":[{"start":{"line":116,"column":6},"end":{"line":119,"column":7}},{"start":{},"end":{}}],"line":116},"4":{"loc":{"start":{"line":120,"column":6},"end":{"line":123,"column":7}},"type":"if","locations":[{"start":{"line":120,"column":6},"end":{"line":123,"column":7}},{"start":{},"end":{}}],"line":120},"5":{"loc":{"start":{"line":125,"column":6},"end":{"line":128,"column":7}},"type":"if","locations":[{"start":{"line":125,"column":6},"end":{"line":128,"column":7}},{"start":{},"end":{}}],"line":125},"6":{"loc":{"start":{"line":133,"column":6},"end":{"line":133,"column":31}},"type":"if","locations":[{"start":{"line":133,"column":6},"end":{"line":133,"column":31}},{"start":{},"end":{}}],"line":133},"7":{"loc":{"start":{"line":148,"column":4},"end":{"line":161,"column":5}},"type":"if","locations":[{"start":{"line":148,"column":4},"end":{"line":161,"column":5}},{"start":{},"end":{}}],"line":148},"8":{"loc":{"start":{"line":149,"column":6},"end":{"line":155,"column":7}},"type":"if","locations":[{"start":{"line":149,"column":6},"end":{"line":155,"column":7}},{"start":{"line":153,"column":13},"end":{"line":155,"column":7}}],"line":149},"9":{"loc":{"start":{"line":179,"column":19},"end":{"line":179,"column":46}},"type":"cond-expr","locations":[{"start":{"line":179,"column":34},"end":{"line":179,"column":38}},{"start":{"line":179,"column":41},"end":{"line":179,"column":46}}],"line":179},"10":{"loc":{"start":{"line":193,"column":19},"end":{"line":193,"column":47}},"type":"cond-expr","locations":[{"start":{"line":193,"column":35},"end":{"line":193,"column":39}},{"start":{"line":193,"column":42},"end":{"line":193,"column":47}}],"line":193},"11":{"loc":{"start":{"line":224,"column":19},"end":{"line":224,"column":51}},"type":"cond-expr","locations":[{"start":{"line":224,"column":39},"end":{"line":224,"column":43}},{"start":{"line":224,"column":46},"end":{"line":224,"column":51}}],"line":224}},"s":{"0":1,"1":2,"2":1,"3":4,"4":4,"5":4,"6":4,"7":4,"8":4,"9":1,"10":4,"11":1,"12":1,"13":4,"14":1,"15":1,"16":1,"17":1,"18":0,"19":0,"20":0,"21":0,"22":0,"23":0,"24":0,"25":0,"26":0,"27":0,"28":0,"29":0,"30":0,"31":0,"32":1,"33":4,"34":1,"35":1,"36":1,"37":1,"38":1,"39":1,"40":0,"41":0,"42":0,"43":1,"44":1,"45":1,"46":1,"47":1,"48":1,"49":4},"f":{"0":2,"1":4,"2":1,"3":1,"4":1,"5":0,"6":1},"b":{"0":[1,3],"1":[1,0],"2":[1,0,0,0],"3":[0,0],"4":[0,0],"5":[0,0],"6":[0,0],"7":[1,0],"8":[0,1],"9":[0,4],"10":[0,4],"11":[0,4]},"_coverageSchema":"1a1c01bbd47fc00a2c39e90264f33305004495a9","hash":"177d00874860c0baf8c79000a66061d8d0ce6641"}
,"/home/hazem/Documents/Front-Task/src/views/Welcome/Welcome.js": {"path":"/home/hazem/Documents/Front-Task/src/views/Welcome/Welcome.js","statementMap":{"0":{"start":{"line":7,"column":18},"end":{"line":31,"column":3}},"1":{"start":{"line":7,"column":41},"end":{"line":31,"column":1}},"2":{"start":{"line":33,"column":23},"end":{"line":50,"column":1}},"3":{"start":{"line":35,"column":18},"end":{"line":35,"column":29}},"4":{"start":{"line":36,"column":19},"end":{"line":36,"column":32}},"5":{"start":{"line":38,"column":2},"end":{"line":49,"column":4}},"6":{"start":{"line":44,"column":25},"end":{"line":44,"column":43}}},"fnMap":{"0":{"name":"(anonymous_0)","decl":{"start":{"line":7,"column":29},"end":{"line":7,"column":30}},"loc":{"start":{"line":7,"column":41},"end":{"line":31,"column":1}},"line":7},"1":{"name":"(anonymous_1)","decl":{"start":{"line":33,"column":23},"end":{"line":33,"column":24}},"loc":{"start":{"line":33,"column":29},"end":{"line":50,"column":1}},"line":33},"2":{"name":"(anonymous_2)","decl":{"start":{"line":44,"column":20},"end":{"line":44,"column":21}},"loc":{"start":{"line":44,"column":24},"end":{"line":44,"column":44}},"line":44}},"branchMap":{},"s":{"0":1,"1":2,"2":1,"3":3,"4":3,"5":3,"6":1},"f":{"0":2,"1":3,"2":1},"b":{},"_coverageSchema":"1a1c01bbd47fc00a2c39e90264f33305004495a9","hash":"f5b5702bfb376fde45508ff61ef5e9c018b5428d"}
}
