TN:
SF:src/context/LoginContex.js
FN:6,(anonymous_0)
FN:11,(anonymous_1)
FNF:2
FNH:2
FNDA:3,(anonymous_0)
FNDA:2,(anonymous_1)
DA:3,3
DA:4,3
DA:6,3
DA:8,3
DA:10,3
DA:12,2
DA:13,0
DA:18,3
DA:20,3
DA:23,3
LF:10
LH:9
BRDA:12,0,0,0
BRDA:12,0,1,2
BRF:2
BRH:1
end_of_record
TN:
SF:src/helper/Validation.js
FN:1,(anonymous_0)
FNF:1
FNH:1
FNDA:1,(anonymous_0)
DA:1,1
DA:2,1
DA:3,1
DA:6,0
DA:10,1
LF:5
LH:4
BRDA:2,0,0,1
BRDA:2,0,1,0
BRF:2
BRH:1
end_of_record
TN:
SF:src/views/Navbar/Navbar.js
FN:12,(anonymous_0)
FN:80,(anonymous_1)
FN:86,(anonymous_2)
FN:91,(anonymous_3)
FN:95,(anonymous_4)
FNF:5
FNH:4
FNDA:1,(anonymous_0)
FNDA:1,(anonymous_1)
FNDA:0,(anonymous_2)
FNDA:1,(anonymous_3)
FNDA:3,(anonymous_4)
DA:12,1
DA:80,1
DA:82,1
DA:84,1
DA:86,1
DA:87,0
DA:88,0
DA:91,1
DA:92,1
DA:93,1
DA:94,1
DA:95,1
DA:96,3
DA:100,1
LF:14
LH:12
BRDA:112,0,0,0
BRDA:112,0,1,1
BRF:2
BRH:1
end_of_record
TN:
SF:src/views/Posts/PostCard.js
FN:13,(anonymous_0)
FN:54,PostCard
FNF:2
FNH:2
FNDA:1,(anonymous_0)
FNDA:1,PostCard
DA:13,1
DA:55,1
DA:57,1
DA:59,1
LF:4
LH:4
BRDA:79,0,0,0
BRDA:79,0,1,1
BRF:2
BRH:1
end_of_record
TN:
SF:src/views/Signup/Signup.js
FN:12,(anonymous_0)
FN:74,(anonymous_1)
FN:94,(anonymous_2)
FN:95,(anonymous_3)
FN:103,(anonymous_4)
FN:130,(anonymous_5)
FN:138,(anonymous_6)
FNF:7
FNH:6
FNDA:2,(anonymous_0)
FNDA:4,(anonymous_1)
FNDA:1,(anonymous_2)
FNDA:1,(anonymous_3)
FNDA:1,(anonymous_4)
FNDA:0,(anonymous_5)
FNDA:1,(anonymous_6)
DA:12,2
DA:74,1
DA:76,4
DA:77,4
DA:78,4
DA:80,4
DA:88,4
DA:90,4
DA:91,1
DA:94,4
DA:95,1
DA:96,1
DA:103,4
DA:104,1
DA:105,1
DA:106,1
DA:108,1
DA:115,0
DA:116,0
DA:117,0
DA:118,0
DA:120,0
DA:121,0
DA:122,0
DA:125,0
DA:126,0
DA:127,0
DA:130,0
DA:131,0
DA:133,0
DA:135,1
DA:138,4
DA:139,1
DA:140,1
DA:141,1
DA:147,1
DA:148,1
DA:149,1
DA:150,0
DA:151,0
DA:152,0
DA:154,1
DA:156,1
DA:157,1
DA:158,1
DA:159,1
DA:160,1
DA:166,4
LF:48
LH:32
BRDA:90,0,0,1
BRDA:90,0,1,3
BRDA:108,1,0,1
BRDA:108,1,1,0
BRDA:109,2,0,1
BRDA:109,2,1,0
BRDA:109,2,2,0
BRDA:109,2,3,0
BRDA:116,3,0,0
BRDA:116,3,1,0
BRDA:120,4,0,0
BRDA:120,4,1,0
BRDA:125,5,0,0
BRDA:125,5,1,0
BRDA:133,6,0,0
BRDA:133,6,1,0
BRDA:148,7,0,1
BRDA:148,7,1,0
BRDA:149,8,0,0
BRDA:149,8,1,1
BRDA:179,9,0,0
BRDA:179,9,1,4
BRDA:193,10,0,0
BRDA:193,10,1,4
BRDA:224,11,0,0
BRDA:224,11,1,4
BRF:26
BRH:9
end_of_record
TN:
SF:src/views/Welcome/Welcome.js
FN:7,(anonymous_0)
FN:33,(anonymous_1)
FN:44,(anonymous_2)
FNF:3
FNH:3
FNDA:2,(anonymous_0)
FNDA:3,(anonymous_1)
FNDA:1,(anonymous_2)
DA:7,2
DA:33,1
DA:35,3
DA:36,3
DA:38,3
DA:44,1
LF:6
LH:6
BRF:0
BRH:0
end_of_record
